2024-11-01 20:10:14,304 [JavaFX-Launcher] INFO  (Breakout.java) - init
2024-11-01 20:10:14,422 [JavaFX-Launcher] DEBUG (LoggerProviders.java) - Logging Provider: org.jboss.logging.Log4j2LoggerProvider
2024-11-01 20:10:14,525 [JavaFX-Launcher] DEBUG (HibernatePersistenceProvider.java) - Located and parsed 1 persistence units; checking each
2024-11-01 20:10:14,525 [JavaFX-Launcher] DEBUG (HibernatePersistenceProvider.java) - Checking persistence-unit [name=breakout-jpa, explicit-provider=org.hibernate.jpa.HibernatePersistenceProvider] against incoming persistence unit name [breakout-jpa]
2024-11-01 20:10:14,525 [JavaFX-Launcher] DEBUG (ProviderChecker.java) - Persistence-unit [breakout-jpa] requested PersistenceProvider [org.hibernate.jpa.HibernatePersistenceProvider]
2024-11-01 20:10:14,528 [JavaFX-Launcher] DEBUG (LogHelper.java) - PersistenceUnitInfo [
	name: breakout-jpa
	persistence provider classname: org.hibernate.jpa.HibernatePersistenceProvider
	classloader: null
	excludeUnlistedClasses: false
	JTA datasource: null
	Non JTA datasource: null
	Transaction type: RESOURCE_LOCAL
	PU root URL: file:/C:/Dev/Workspace/craft-katas-java/BreakOut_JavaFX/target/classes/
	Shared Cache Mode: null
	Validation Mode: null
	Jar files URLs []
	Managed classes names []
	Mapping files names []
	Properties [
		hibernate.connection.username: sa
		hibernate.dialect: org.hibernate.dialect.HSQLDialect
		hibernate.show_sql: true
		hibernate.connection.url: jdbc:hsqldb:file:data/breakoutdb;shutdown=true
		hibernate.connection.driver_class: org.hsqldb.jdbc.JDBCDriver
		hibernate.hbm2ddl.auto: update
		hibernate.format_sql: true
		hibernate.use_sql_comments: false]
2024-11-01 20:10:14,531 [JavaFX-Launcher] DEBUG (IntegratorServiceImpl.java) - Adding Integrator [org.hibernate.cfg.beanvalidation.BeanValidationIntegrator].
2024-11-01 20:10:14,533 [JavaFX-Launcher] DEBUG (IntegratorServiceImpl.java) - Adding Integrator [org.hibernate.secure.spi.JaccIntegrator].
2024-11-01 20:10:14,534 [JavaFX-Launcher] DEBUG (IntegratorServiceImpl.java) - Adding Integrator [org.hibernate.cache.internal.CollectionCacheInvalidator].
2024-11-01 20:10:14,553 [JavaFX-Launcher] INFO  (Version.java) - HHH000412: Hibernate ORM core version [WORKING]
2024-11-01 20:10:14,554 [JavaFX-Launcher] DEBUG (Environment.java) - HHH000206: hibernate.properties not found
2024-11-01 20:10:14,653 [JavaFX-Launcher] DEBUG (ServiceBinding.java) - Overriding existing service binding [org.hibernate.secure.spi.JaccService]
2024-11-01 20:10:14,661 [JavaFX-Launcher] DEBUG (RegionFactoryInitiator.java) - Cannot default RegionFactory based on registered strategies as `[]` RegionFactory strategies were registered
2024-11-01 20:10:14,663 [JavaFX-Launcher] DEBUG (RegionFactoryInitiator.java) - Cache region factory : org.hibernate.cache.internal.NoCachingRegionFactory
2024-11-01 20:10:14,678 [JavaFX-Launcher] INFO  (JavaReflectionManager.java) - HCANN000001: Hibernate Commons Annotations {5.1.2.Final}
2024-11-01 20:10:14,707 [JavaFX-Launcher] DEBUG (BasicTypeRegistry.java) - Adding type registration boolean -> org.hibernate.type.BooleanType@e028981
2024-11-01 20:10:14,707 [JavaFX-Launcher] DEBUG (BasicTypeRegistry.java) - Adding type registration boolean -> org.hibernate.type.BooleanType@e028981
2024-11-01 20:10:14,707 [JavaFX-Launcher] DEBUG (BasicTypeRegistry.java) - Adding type registration java.lang.Boolean -> org.hibernate.type.BooleanType@e028981
2024-11-01 20:10:14,708 [JavaFX-Launcher] DEBUG (BasicTypeRegistry.java) - Adding type registration numeric_boolean -> org.hibernate.type.NumericBooleanType@1ced247a
2024-11-01 20:10:14,708 [JavaFX-Launcher] DEBUG (BasicTypeRegistry.java) - Adding type registration true_false -> org.hibernate.type.TrueFalseType@fbbaa22
2024-11-01 20:10:14,708 [JavaFX-Launcher] DEBUG (BasicTypeRegistry.java) - Adding type registration yes_no -> org.hibernate.type.YesNoType@19b9baf1
2024-11-01 20:10:14,709 [JavaFX-Launcher] DEBUG (BasicTypeRegistry.java) - Adding type registration byte -> org.hibernate.type.ByteType@19a5d70c
2024-11-01 20:10:14,709 [JavaFX-Launcher] DEBUG (BasicTypeRegistry.java) - Adding type registration byte -> org.hibernate.type.ByteType@19a5d70c
2024-11-01 20:10:14,709 [JavaFX-Launcher] DEBUG (BasicTypeRegistry.java) - Adding type registration java.lang.Byte -> org.hibernate.type.ByteType@19a5d70c
2024-11-01 20:10:14,710 [JavaFX-Launcher] DEBUG (BasicTypeRegistry.java) - Adding type registration character -> org.hibernate.type.CharacterType@101a5336
2024-11-01 20:10:14,710 [JavaFX-Launcher] DEBUG (BasicTypeRegistry.java) - Adding type registration char -> org.hibernate.type.CharacterType@101a5336
2024-11-01 20:10:14,710 [JavaFX-Launcher] DEBUG (BasicTypeRegistry.java) - Adding type registration java.lang.Character -> org.hibernate.type.CharacterType@101a5336
2024-11-01 20:10:14,710 [JavaFX-Launcher] DEBUG (BasicTypeRegistry.java) - Adding type registration short -> org.hibernate.type.ShortType@1fdc796a
2024-11-01 20:10:14,711 [JavaFX-Launcher] DEBUG (BasicTypeRegistry.java) - Adding type registration short -> org.hibernate.type.ShortType@1fdc796a
2024-11-01 20:10:14,711 [JavaFX-Launcher] DEBUG (BasicTypeRegistry.java) - Adding type registration java.lang.Short -> org.hibernate.type.ShortType@1fdc796a
2024-11-01 20:10:14,712 [JavaFX-Launcher] DEBUG (BasicTypeRegistry.java) - Adding type registration integer -> org.hibernate.type.IntegerType@6504ef05
2024-11-01 20:10:14,712 [JavaFX-Launcher] DEBUG (BasicTypeRegistry.java) - Adding type registration int -> org.hibernate.type.IntegerType@6504ef05
2024-11-01 20:10:14,712 [JavaFX-Launcher] DEBUG (BasicTypeRegistry.java) - Adding type registration java.lang.Integer -> org.hibernate.type.IntegerType@6504ef05
2024-11-01 20:10:14,713 [JavaFX-Launcher] DEBUG (BasicTypeRegistry.java) - Adding type registration long -> org.hibernate.type.LongType@31a5217c
2024-11-01 20:10:14,714 [JavaFX-Launcher] DEBUG (BasicTypeRegistry.java) - Adding type registration long -> org.hibernate.type.LongType@31a5217c
2024-11-01 20:10:14,714 [JavaFX-Launcher] DEBUG (BasicTypeRegistry.java) - Adding type registration java.lang.Long -> org.hibernate.type.LongType@31a5217c
2024-11-01 20:10:14,714 [JavaFX-Launcher] DEBUG (BasicTypeRegistry.java) - Adding type registration float -> org.hibernate.type.FloatType@c9fa58f
2024-11-01 20:10:14,715 [JavaFX-Launcher] DEBUG (BasicTypeRegistry.java) - Adding type registration float -> org.hibernate.type.FloatType@c9fa58f
2024-11-01 20:10:14,715 [JavaFX-Launcher] DEBUG (BasicTypeRegistry.java) - Adding type registration java.lang.Float -> org.hibernate.type.FloatType@c9fa58f
2024-11-01 20:10:14,715 [JavaFX-Launcher] DEBUG (BasicTypeRegistry.java) - Adding type registration double -> org.hibernate.type.DoubleType@5754679b
2024-11-01 20:10:14,715 [JavaFX-Launcher] DEBUG (BasicTypeRegistry.java) - Adding type registration double -> org.hibernate.type.DoubleType@5754679b
2024-11-01 20:10:14,715 [JavaFX-Launcher] DEBUG (BasicTypeRegistry.java) - Adding type registration java.lang.Double -> org.hibernate.type.DoubleType@5754679b
2024-11-01 20:10:14,716 [JavaFX-Launcher] DEBUG (BasicTypeRegistry.java) - Adding type registration big_decimal -> org.hibernate.type.BigDecimalType@6c2d8c34
2024-11-01 20:10:14,716 [JavaFX-Launcher] DEBUG (BasicTypeRegistry.java) - Adding type registration java.math.BigDecimal -> org.hibernate.type.BigDecimalType@6c2d8c34
2024-11-01 20:10:14,717 [JavaFX-Launcher] DEBUG (BasicTypeRegistry.java) - Adding type registration big_integer -> org.hibernate.type.BigIntegerType@7a44cdb2
2024-11-01 20:10:14,717 [JavaFX-Launcher] DEBUG (BasicTypeRegistry.java) - Adding type registration java.math.BigInteger -> org.hibernate.type.BigIntegerType@7a44cdb2
2024-11-01 20:10:14,717 [JavaFX-Launcher] DEBUG (BasicTypeRegistry.java) - Adding type registration string -> org.hibernate.type.StringType@4b776fb1
2024-11-01 20:10:14,717 [JavaFX-Launcher] DEBUG (BasicTypeRegistry.java) - Adding type registration java.lang.String -> org.hibernate.type.StringType@4b776fb1
2024-11-01 20:10:14,718 [JavaFX-Launcher] DEBUG (BasicTypeRegistry.java) - Adding type registration nstring -> org.hibernate.type.StringNVarcharType@201a14bc
2024-11-01 20:10:14,718 [JavaFX-Launcher] DEBUG (BasicTypeRegistry.java) - Adding type registration ncharacter -> org.hibernate.type.CharacterNCharType@33da01c4
2024-11-01 20:10:14,718 [JavaFX-Launcher] DEBUG (BasicTypeRegistry.java) - Adding type registration url -> org.hibernate.type.UrlType@1d194e3
2024-11-01 20:10:14,719 [JavaFX-Launcher] DEBUG (BasicTypeRegistry.java) - Adding type registration java.net.URL -> org.hibernate.type.UrlType@1d194e3
2024-11-01 20:10:14,719 [JavaFX-Launcher] DEBUG (BasicTypeRegistry.java) - Adding type registration Duration -> org.hibernate.type.DurationType@56861b53
2024-11-01 20:10:14,719 [JavaFX-Launcher] DEBUG (BasicTypeRegistry.java) - Adding type registration java.time.Duration -> org.hibernate.type.DurationType@56861b53
2024-11-01 20:10:14,721 [JavaFX-Launcher] DEBUG (BasicTypeRegistry.java) - Adding type registration Instant -> org.hibernate.type.InstantType@6f34e854
2024-11-01 20:10:14,721 [JavaFX-Launcher] DEBUG (BasicTypeRegistry.java) - Adding type registration java.time.Instant -> org.hibernate.type.InstantType@6f34e854
2024-11-01 20:10:14,722 [JavaFX-Launcher] DEBUG (BasicTypeRegistry.java) - Adding type registration LocalDateTime -> org.hibernate.type.LocalDateTimeType@ffb36b2
2024-11-01 20:10:14,722 [JavaFX-Launcher] DEBUG (BasicTypeRegistry.java) - Adding type registration java.time.LocalDateTime -> org.hibernate.type.LocalDateTimeType@ffb36b2
2024-11-01 20:10:14,723 [JavaFX-Launcher] DEBUG (BasicTypeRegistry.java) - Adding type registration LocalDate -> org.hibernate.type.LocalDateType@6ca78397
2024-11-01 20:10:14,723 [JavaFX-Launcher] DEBUG (BasicTypeRegistry.java) - Adding type registration java.time.LocalDate -> org.hibernate.type.LocalDateType@6ca78397
2024-11-01 20:10:14,723 [JavaFX-Launcher] DEBUG (BasicTypeRegistry.java) - Adding type registration LocalTime -> org.hibernate.type.LocalTimeType@6e25030e
2024-11-01 20:10:14,723 [JavaFX-Launcher] DEBUG (BasicTypeRegistry.java) - Adding type registration java.time.LocalTime -> org.hibernate.type.LocalTimeType@6e25030e
2024-11-01 20:10:14,724 [JavaFX-Launcher] DEBUG (BasicTypeRegistry.java) - Adding type registration OffsetDateTime -> org.hibernate.type.OffsetDateTimeType@58d1e1d3
2024-11-01 20:10:14,724 [JavaFX-Launcher] DEBUG (BasicTypeRegistry.java) - Adding type registration java.time.OffsetDateTime -> org.hibernate.type.OffsetDateTimeType@58d1e1d3
2024-11-01 20:10:14,726 [JavaFX-Launcher] DEBUG (BasicTypeRegistry.java) - Adding type registration OffsetTime -> org.hibernate.type.OffsetTimeType@470de66a
2024-11-01 20:10:14,726 [JavaFX-Launcher] DEBUG (BasicTypeRegistry.java) - Adding type registration java.time.OffsetTime -> org.hibernate.type.OffsetTimeType@470de66a
2024-11-01 20:10:14,727 [JavaFX-Launcher] DEBUG (BasicTypeRegistry.java) - Adding type registration ZonedDateTime -> org.hibernate.type.ZonedDateTimeType@706a89ba
2024-11-01 20:10:14,727 [JavaFX-Launcher] DEBUG (BasicTypeRegistry.java) - Adding type registration java.time.ZonedDateTime -> org.hibernate.type.ZonedDateTimeType@706a89ba
2024-11-01 20:10:14,728 [JavaFX-Launcher] DEBUG (BasicTypeRegistry.java) - Adding type registration date -> org.hibernate.type.DateType@77b2e246
2024-11-01 20:10:14,728 [JavaFX-Launcher] DEBUG (BasicTypeRegistry.java) - Adding type registration java.sql.Date -> org.hibernate.type.DateType@77b2e246
2024-11-01 20:10:14,729 [JavaFX-Launcher] DEBUG (BasicTypeRegistry.java) - Adding type registration time -> org.hibernate.type.TimeType@33cf6832
2024-11-01 20:10:14,729 [JavaFX-Launcher] DEBUG (BasicTypeRegistry.java) - Adding type registration java.sql.Time -> org.hibernate.type.TimeType@33cf6832
2024-11-01 20:10:14,730 [JavaFX-Launcher] DEBUG (BasicTypeRegistry.java) - Adding type registration timestamp -> org.hibernate.type.TimestampType@411cd38f
2024-11-01 20:10:14,730 [JavaFX-Launcher] DEBUG (BasicTypeRegistry.java) - Adding type registration java.sql.Timestamp -> org.hibernate.type.TimestampType@411cd38f
2024-11-01 20:10:14,730 [JavaFX-Launcher] DEBUG (BasicTypeRegistry.java) - Adding type registration java.util.Date -> org.hibernate.type.TimestampType@411cd38f
2024-11-01 20:10:14,731 [JavaFX-Launcher] DEBUG (BasicTypeRegistry.java) - Adding type registration dbtimestamp -> org.hibernate.type.DbTimestampType@3e71e0d
2024-11-01 20:10:14,733 [JavaFX-Launcher] DEBUG (BasicTypeRegistry.java) - Adding type registration calendar -> org.hibernate.type.CalendarType@1db5385c
2024-11-01 20:10:14,733 [JavaFX-Launcher] DEBUG (BasicTypeRegistry.java) - Adding type registration java.util.Calendar -> org.hibernate.type.CalendarType@1db5385c
2024-11-01 20:10:14,733 [JavaFX-Launcher] DEBUG (BasicTypeRegistry.java) - Adding type registration java.util.GregorianCalendar -> org.hibernate.type.CalendarType@1db5385c
2024-11-01 20:10:14,733 [JavaFX-Launcher] DEBUG (BasicTypeRegistry.java) - Adding type registration calendar_date -> org.hibernate.type.CalendarDateType@508959b2
2024-11-01 20:10:14,735 [JavaFX-Launcher] DEBUG (BasicTypeRegistry.java) - Adding type registration calendar_time -> org.hibernate.type.CalendarTimeType@375a9960
2024-11-01 20:10:14,736 [JavaFX-Launcher] DEBUG (BasicTypeRegistry.java) - Adding type registration locale -> org.hibernate.type.LocaleType@7d5fd7ec
2024-11-01 20:10:14,737 [JavaFX-Launcher] DEBUG (BasicTypeRegistry.java) - Adding type registration java.util.Locale -> org.hibernate.type.LocaleType@7d5fd7ec
2024-11-01 20:10:14,738 [JavaFX-Launcher] DEBUG (BasicTypeRegistry.java) - Adding type registration currency -> org.hibernate.type.CurrencyType@3d08cc5a
2024-11-01 20:10:14,738 [JavaFX-Launcher] DEBUG (BasicTypeRegistry.java) - Adding type registration java.util.Currency -> org.hibernate.type.CurrencyType@3d08cc5a
2024-11-01 20:10:14,739 [JavaFX-Launcher] DEBUG (BasicTypeRegistry.java) - Adding type registration timezone -> org.hibernate.type.TimeZoneType@420e41db
2024-11-01 20:10:14,739 [JavaFX-Launcher] DEBUG (BasicTypeRegistry.java) - Adding type registration java.util.TimeZone -> org.hibernate.type.TimeZoneType@420e41db
2024-11-01 20:10:14,739 [JavaFX-Launcher] DEBUG (BasicTypeRegistry.java) - Adding type registration class -> org.hibernate.type.ClassType@52aa7f7a
2024-11-01 20:10:14,739 [JavaFX-Launcher] DEBUG (BasicTypeRegistry.java) - Adding type registration java.lang.Class -> org.hibernate.type.ClassType@52aa7f7a
2024-11-01 20:10:14,741 [JavaFX-Launcher] DEBUG (BasicTypeRegistry.java) - Adding type registration uuid-binary -> org.hibernate.type.UUIDBinaryType@2124b63d
2024-11-01 20:10:14,741 [JavaFX-Launcher] DEBUG (BasicTypeRegistry.java) - Adding type registration java.util.UUID -> org.hibernate.type.UUIDBinaryType@2124b63d
2024-11-01 20:10:14,741 [JavaFX-Launcher] DEBUG (BasicTypeRegistry.java) - Adding type registration uuid-char -> org.hibernate.type.UUIDCharType@2832467b
2024-11-01 20:10:14,742 [JavaFX-Launcher] DEBUG (BasicTypeRegistry.java) - Adding type registration binary -> org.hibernate.type.BinaryType@1a87e59e
2024-11-01 20:10:14,742 [JavaFX-Launcher] DEBUG (BasicTypeRegistry.java) - Adding type registration byte[] -> org.hibernate.type.BinaryType@1a87e59e
2024-11-01 20:10:14,742 [JavaFX-Launcher] DEBUG (BasicTypeRegistry.java) - Adding type registration [B -> org.hibernate.type.BinaryType@1a87e59e
2024-11-01 20:10:14,743 [JavaFX-Launcher] DEBUG (BasicTypeRegistry.java) - Adding type registration wrapper-binary -> org.hibernate.type.WrapperBinaryType@7d7c8a3c
2024-11-01 20:10:14,743 [JavaFX-Launcher] DEBUG (BasicTypeRegistry.java) - Adding type registration Byte[] -> org.hibernate.type.WrapperBinaryType@7d7c8a3c
2024-11-01 20:10:14,743 [JavaFX-Launcher] DEBUG (BasicTypeRegistry.java) - Adding type registration [Ljava.lang.Byte; -> org.hibernate.type.WrapperBinaryType@7d7c8a3c
2024-11-01 20:10:14,743 [JavaFX-Launcher] DEBUG (BasicTypeRegistry.java) - Adding type registration row_version -> org.hibernate.type.RowVersionType@efd27e7
2024-11-01 20:10:14,743 [JavaFX-Launcher] DEBUG (BasicTypeRegistry.java) - Adding type registration image -> org.hibernate.type.ImageType@36c94f0f
2024-11-01 20:10:14,743 [JavaFX-Launcher] DEBUG (BasicTypeRegistry.java) - Adding type registration characters -> org.hibernate.type.CharArrayType@70df9c63
2024-11-01 20:10:14,744 [JavaFX-Launcher] DEBUG (BasicTypeRegistry.java) - Adding type registration char[] -> org.hibernate.type.CharArrayType@70df9c63
2024-11-01 20:10:14,744 [JavaFX-Launcher] DEBUG (BasicTypeRegistry.java) - Adding type registration [C -> org.hibernate.type.CharArrayType@70df9c63
2024-11-01 20:10:14,745 [JavaFX-Launcher] DEBUG (BasicTypeRegistry.java) - Adding type registration wrapper-characters -> org.hibernate.type.CharacterArrayType@5b079ae9
2024-11-01 20:10:14,745 [JavaFX-Launcher] DEBUG (BasicTypeRegistry.java) - Adding type registration [Ljava.lang.Character; -> org.hibernate.type.CharacterArrayType@5b079ae9
2024-11-01 20:10:14,745 [JavaFX-Launcher] DEBUG (BasicTypeRegistry.java) - Adding type registration Character[] -> org.hibernate.type.CharacterArrayType@5b079ae9
2024-11-01 20:10:14,745 [JavaFX-Launcher] DEBUG (BasicTypeRegistry.java) - Adding type registration text -> org.hibernate.type.TextType@c61220f
2024-11-01 20:10:14,745 [JavaFX-Launcher] DEBUG (BasicTypeRegistry.java) - Adding type registration ntext -> org.hibernate.type.NTextType@4a890428
2024-11-01 20:10:14,746 [JavaFX-Launcher] DEBUG (BasicTypeRegistry.java) - Adding type registration blob -> org.hibernate.type.BlobType@505e748
2024-11-01 20:10:14,746 [JavaFX-Launcher] DEBUG (BasicTypeRegistry.java) - Adding type registration java.sql.Blob -> org.hibernate.type.BlobType@505e748
2024-11-01 20:10:14,747 [JavaFX-Launcher] DEBUG (BasicTypeRegistry.java) - Adding type registration materialized_blob -> org.hibernate.type.MaterializedBlobType@395765e3
2024-11-01 20:10:14,747 [JavaFX-Launcher] DEBUG (BasicTypeRegistry.java) - Adding type registration clob -> org.hibernate.type.ClobType@2a8b13b3
2024-11-01 20:10:14,747 [JavaFX-Launcher] DEBUG (BasicTypeRegistry.java) - Adding type registration java.sql.Clob -> org.hibernate.type.ClobType@2a8b13b3
2024-11-01 20:10:14,748 [JavaFX-Launcher] DEBUG (BasicTypeRegistry.java) - Adding type registration nclob -> org.hibernate.type.NClobType@56a1abf6
2024-11-01 20:10:14,748 [JavaFX-Launcher] DEBUG (BasicTypeRegistry.java) - Adding type registration java.sql.NClob -> org.hibernate.type.NClobType@56a1abf6
2024-11-01 20:10:14,749 [JavaFX-Launcher] DEBUG (BasicTypeRegistry.java) - Adding type registration materialized_clob -> org.hibernate.type.MaterializedClobType@26589973
2024-11-01 20:10:14,749 [JavaFX-Launcher] DEBUG (BasicTypeRegistry.java) - Adding type registration materialized_nclob -> org.hibernate.type.MaterializedNClobType@70b04ccd
2024-11-01 20:10:14,750 [JavaFX-Launcher] DEBUG (BasicTypeRegistry.java) - Adding type registration serializable -> org.hibernate.type.SerializableType@4d36e001
2024-11-01 20:10:14,752 [JavaFX-Launcher] DEBUG (BasicTypeRegistry.java) - Adding type registration object -> org.hibernate.type.ObjectType@463a9b69
2024-11-01 20:10:14,752 [JavaFX-Launcher] DEBUG (BasicTypeRegistry.java) - Adding type registration java.lang.Object -> org.hibernate.type.ObjectType@463a9b69
2024-11-01 20:10:14,753 [JavaFX-Launcher] DEBUG (BasicTypeRegistry.java) - Adding type registration imm_date -> org.hibernate.type.AdaptedImmutableType@5930451f
2024-11-01 20:10:14,753 [JavaFX-Launcher] DEBUG (BasicTypeRegistry.java) - Adding type registration imm_time -> org.hibernate.type.AdaptedImmutableType@353a9744
2024-11-01 20:10:14,753 [JavaFX-Launcher] DEBUG (BasicTypeRegistry.java) - Adding type registration imm_timestamp -> org.hibernate.type.AdaptedImmutableType@329caba0
2024-11-01 20:10:14,753 [JavaFX-Launcher] DEBUG (BasicTypeRegistry.java) - Adding type registration imm_dbtimestamp -> org.hibernate.type.AdaptedImmutableType@62f91eb8
2024-11-01 20:10:14,754 [JavaFX-Launcher] DEBUG (BasicTypeRegistry.java) - Adding type registration imm_calendar -> org.hibernate.type.AdaptedImmutableType@393aa745
2024-11-01 20:10:14,754 [JavaFX-Launcher] DEBUG (BasicTypeRegistry.java) - Adding type registration imm_calendar_date -> org.hibernate.type.AdaptedImmutableType@585b9791
2024-11-01 20:10:14,754 [JavaFX-Launcher] DEBUG (BasicTypeRegistry.java) - Adding type registration imm_binary -> org.hibernate.type.AdaptedImmutableType@fcde691
2024-11-01 20:10:14,754 [JavaFX-Launcher] DEBUG (BasicTypeRegistry.java) - Adding type registration imm_serializable -> org.hibernate.type.AdaptedImmutableType@25eb250e
2024-11-01 20:10:14,761 [JavaFX-Launcher] DEBUG (BootstrapContextImpl.java) - Injecting ScanEnvironment [org.hibernate.jpa.boot.internal.StandardJpaScanEnvironmentImpl@7a064656] into BootstrapContext; was [null]
2024-11-01 20:10:14,761 [JavaFX-Launcher] DEBUG (BootstrapContextImpl.java) - Injecting ScanOptions [org.hibernate.boot.archive.scan.internal.StandardScanOptions@5bb392a5] into BootstrapContext; was [org.hibernate.boot.archive.scan.internal.StandardScanOptions@6fa1a64]
2024-11-01 20:10:14,794 [JavaFX-Launcher] DEBUG (BootstrapContextImpl.java) - Injecting JPA temp ClassLoader [null] into BootstrapContext; was [null]
2024-11-01 20:10:14,794 [JavaFX-Launcher] DEBUG (ClassLoaderAccessImpl.java) - ClassLoaderAccessImpl#injectTempClassLoader(null) [was null]
2024-11-01 20:10:14,800 [JavaFX-Launcher] DEBUG (DefaultIdentifierGeneratorFactory.java) - Registering IdentifierGenerator strategy [uuid2] -> [org.hibernate.id.UUIDGenerator]
2024-11-01 20:10:14,800 [JavaFX-Launcher] DEBUG (DefaultIdentifierGeneratorFactory.java) - Registering IdentifierGenerator strategy [guid] -> [org.hibernate.id.GUIDGenerator]
2024-11-01 20:10:14,800 [JavaFX-Launcher] DEBUG (DefaultIdentifierGeneratorFactory.java) - Registering IdentifierGenerator strategy [uuid] -> [org.hibernate.id.UUIDHexGenerator]
2024-11-01 20:10:14,801 [JavaFX-Launcher] DEBUG (DefaultIdentifierGeneratorFactory.java) - Registering IdentifierGenerator strategy [uuid.hex] -> [org.hibernate.id.UUIDHexGenerator]
2024-11-01 20:10:14,801 [JavaFX-Launcher] DEBUG (DefaultIdentifierGeneratorFactory.java) - Registering IdentifierGenerator strategy [assigned] -> [org.hibernate.id.Assigned]
2024-11-01 20:10:14,801 [JavaFX-Launcher] DEBUG (DefaultIdentifierGeneratorFactory.java) - Registering IdentifierGenerator strategy [identity] -> [org.hibernate.id.IdentityGenerator]
2024-11-01 20:10:14,801 [JavaFX-Launcher] DEBUG (DefaultIdentifierGeneratorFactory.java) - Registering IdentifierGenerator strategy [select] -> [org.hibernate.id.SelectGenerator]
2024-11-01 20:10:14,802 [JavaFX-Launcher] DEBUG (DefaultIdentifierGeneratorFactory.java) - Registering IdentifierGenerator strategy [sequence] -> [org.hibernate.id.enhanced.SequenceStyleGenerator]
2024-11-01 20:10:14,803 [JavaFX-Launcher] DEBUG (DefaultIdentifierGeneratorFactory.java) - Registering IdentifierGenerator strategy [seqhilo] -> [org.hibernate.id.SequenceHiLoGenerator]
2024-11-01 20:10:14,803 [JavaFX-Launcher] DEBUG (DefaultIdentifierGeneratorFactory.java) - Registering IdentifierGenerator strategy [increment] -> [org.hibernate.id.IncrementGenerator]
2024-11-01 20:10:14,804 [JavaFX-Launcher] DEBUG (DefaultIdentifierGeneratorFactory.java) - Registering IdentifierGenerator strategy [foreign] -> [org.hibernate.id.ForeignGenerator]
2024-11-01 20:10:14,804 [JavaFX-Launcher] DEBUG (DefaultIdentifierGeneratorFactory.java) - Registering IdentifierGenerator strategy [sequence-identity] -> [org.hibernate.id.SequenceIdentityGenerator]
2024-11-01 20:10:14,804 [JavaFX-Launcher] DEBUG (DefaultIdentifierGeneratorFactory.java) - Registering IdentifierGenerator strategy [enhanced-sequence] -> [org.hibernate.id.enhanced.SequenceStyleGenerator]
2024-11-01 20:10:14,804 [JavaFX-Launcher] DEBUG (DefaultIdentifierGeneratorFactory.java) - Registering IdentifierGenerator strategy [enhanced-table] -> [org.hibernate.id.enhanced.TableGenerator]
2024-11-01 20:10:14,806 [JavaFX-Launcher] WARN  (DriverManagerConnectionProviderImpl.java) - HHH10001002: Using Hibernate built-in connection pool (not for production use!)
2024-11-01 20:10:14,808 [JavaFX-Launcher] INFO  (DriverManagerConnectionProviderImpl.java) - HHH10001005: using driver [org.hsqldb.jdbc.JDBCDriver] at URL [jdbc:hsqldb:file:data/breakoutdb;shutdown=true]
2024-11-01 20:10:14,808 [JavaFX-Launcher] INFO  (DriverManagerConnectionProviderImpl.java) - HHH10001001: Connection properties: {user=sa}
2024-11-01 20:10:14,808 [JavaFX-Launcher] INFO  (DriverManagerConnectionProviderImpl.java) - HHH10001003: Autocommit mode: false
2024-11-01 20:10:14,809 [JavaFX-Launcher] DEBUG (DelegatingBasicLogger.java) - Initializing Connection pool with 1 Connections
2024-11-01 20:10:14,809 [JavaFX-Launcher] INFO  (DriverManagerConnectionProviderImpl.java) - HHH000115: Hibernate connection pool size: 20 (min=1)
2024-11-01 20:10:15,043 [JavaFX-Launcher] DEBUG (JdbcEnvironmentInitiator.java) - Database ->
       name : HSQL Database Engine
    version : 2.7.1
      major : 2
      minor : 7
2024-11-01 20:10:15,044 [JavaFX-Launcher] DEBUG (JdbcEnvironmentInitiator.java) - Driver ->
       name : HSQL Database Engine Driver
    version : 2.7.1
      major : 2
      minor : 7
2024-11-01 20:10:15,044 [JavaFX-Launcher] DEBUG (DelegatingBasicLogger.java) - JDBC version : 4.2
2024-11-01 20:10:15,050 [JavaFX-Launcher] INFO  (Dialect.java) - HHH000400: Using dialect: org.hibernate.dialect.HSQLDialect
2024-11-01 20:10:15,060 [JavaFX-Launcher] DEBUG (IdentifierHelperBuilder.java) - JDBC driver metadata reported database stores quoted identifiers in neither upper, lower nor mixed case
2024-11-01 20:10:15,097 [JavaFX-Launcher] DEBUG (Namespace.java) - Created database namespace [logicalName=Name{catalog=null, schema=null}, physicalName=Name{catalog=null, schema=null}]
2024-11-01 20:10:15,099 [JavaFX-Launcher] DEBUG (TypeConfiguration.java) - Scoping TypeConfiguration [org.hibernate.type.spi.TypeConfiguration@3fdd3630] to MetadataBuildingContext [org.hibernate.boot.internal.MetadataBuildingContextRootImpl@1f840f3b]
2024-11-01 20:10:15,119 [JavaFX-Launcher] DEBUG (AnnotationBinder.java) - Binding entity from annotated class: de.oose.breakout.highscore.HighScore
2024-11-01 20:10:15,126 [JavaFX-Launcher] DEBUG (QueryBinder.java) - Binding named query: HighScore.getByName => SELECT h FROM HighScore h WHERE h.name = :name
2024-11-01 20:10:15,128 [JavaFX-Launcher] DEBUG (Ejb3Column.java) - Binding column: Ejb3DiscriminatorColumn{logicalColumnName'DTYPE', discriminatorTypeName='string'}
2024-11-01 20:10:15,130 [JavaFX-Launcher] DEBUG (EntityBinder.java) - Import with entity name HighScore
2024-11-01 20:10:15,133 [JavaFX-Launcher] DEBUG (EntityBinder.java) - Bind entity de.oose.breakout.highscore.HighScore on table HighScore
2024-11-01 20:10:15,141 [JavaFX-Launcher] DEBUG (Ejb3Column.java) - Binding column: Ejb3Column{table=org.hibernate.mapping.Table(HighScore), mappingColumn=id, insertable=true, updatable=true, unique=false}
2024-11-01 20:10:15,143 [JavaFX-Launcher] DEBUG (ClassLoaderAccessImpl.java) - Not known whether passed class name [de.oose.breakout.highscore.HighScore] is safe
2024-11-01 20:10:15,143 [JavaFX-Launcher] DEBUG (ClassLoaderAccessImpl.java) - No temp ClassLoader provided; using live ClassLoader for loading potentially unsafe class : de.oose.breakout.highscore.HighScore
2024-11-01 20:10:15,144 [JavaFX-Launcher] DEBUG (PropertyBinder.java) - MetadataSourceProcessor property id with lazy=false
2024-11-01 20:10:15,144 [JavaFX-Launcher] DEBUG (AbstractPropertyHolder.java) - Attempting to locate auto-apply AttributeConverter for property [de.oose.breakout.highscore.HighScore:id]
2024-11-01 20:10:15,145 [JavaFX-Launcher] DEBUG (SimpleValueBinder.java) - building SimpleValue for id
2024-11-01 20:10:15,146 [JavaFX-Launcher] DEBUG (PropertyBinder.java) - Building property id
2024-11-01 20:10:15,147 [JavaFX-Launcher] DEBUG (BinderHelper.java) - #makeIdGenerator(org.hibernate.mapping.SimpleValue([org.hibernate.mapping.Column(id)]), id, identity, , ...)
2024-11-01 20:10:15,147 [JavaFX-Launcher] DEBUG (Ejb3Column.java) - Binding column: Ejb3Column{table=org.hibernate.mapping.Table(HighScore), mappingColumn=date, insertable=true, updatable=true, unique=false}
2024-11-01 20:10:15,148 [JavaFX-Launcher] DEBUG (PropertyBinder.java) - MetadataSourceProcessor property date with lazy=false
2024-11-01 20:10:15,148 [JavaFX-Launcher] DEBUG (AbstractPropertyHolder.java) - Attempting to locate auto-apply AttributeConverter for property [de.oose.breakout.highscore.HighScore:date]
2024-11-01 20:10:15,148 [JavaFX-Launcher] DEBUG (SimpleValueBinder.java) - building SimpleValue for date
2024-11-01 20:10:15,148 [JavaFX-Launcher] DEBUG (PropertyBinder.java) - Building property date
2024-11-01 20:10:15,148 [JavaFX-Launcher] DEBUG (Ejb3Column.java) - Binding column: Ejb3Column{table=org.hibernate.mapping.Table(HighScore), mappingColumn=name, insertable=true, updatable=true, unique=false}
2024-11-01 20:10:15,148 [JavaFX-Launcher] DEBUG (PropertyBinder.java) - MetadataSourceProcessor property name with lazy=false
2024-11-01 20:10:15,148 [JavaFX-Launcher] DEBUG (AbstractPropertyHolder.java) - Attempting to locate auto-apply AttributeConverter for property [de.oose.breakout.highscore.HighScore:name]
2024-11-01 20:10:15,148 [JavaFX-Launcher] DEBUG (SimpleValueBinder.java) - building SimpleValue for name
2024-11-01 20:10:15,149 [JavaFX-Launcher] DEBUG (PropertyBinder.java) - Building property name
2024-11-01 20:10:15,149 [JavaFX-Launcher] DEBUG (Ejb3Column.java) - Binding column: Ejb3Column{table=org.hibernate.mapping.Table(HighScore), mappingColumn=score, insertable=true, updatable=true, unique=false}
2024-11-01 20:10:15,149 [JavaFX-Launcher] DEBUG (PropertyBinder.java) - MetadataSourceProcessor property score with lazy=false
2024-11-01 20:10:15,150 [JavaFX-Launcher] DEBUG (AbstractPropertyHolder.java) - Attempting to locate auto-apply AttributeConverter for property [de.oose.breakout.highscore.HighScore:score]
2024-11-01 20:10:15,150 [JavaFX-Launcher] DEBUG (SimpleValueBinder.java) - building SimpleValue for score
2024-11-01 20:10:15,150 [JavaFX-Launcher] DEBUG (PropertyBinder.java) - Building property score
2024-11-01 20:10:15,151 [JavaFX-Launcher] DEBUG (SimpleValueBinder.java) - Starting fillSimpleValue for id
2024-11-01 20:10:15,151 [JavaFX-Launcher] DEBUG (SimpleValueBinder.java) - Starting fillSimpleValue for date
2024-11-01 20:10:15,151 [JavaFX-Launcher] DEBUG (SimpleValueBinder.java) - Starting fillSimpleValue for name
2024-11-01 20:10:15,151 [JavaFX-Launcher] DEBUG (SimpleValueBinder.java) - Starting fillSimpleValue for score
2024-11-01 20:10:15,153 [JavaFX-Launcher] DEBUG (PrimaryKey.java) - Forcing column [id] to be non-null as it is part of the primary key for table [highscore]
2024-11-01 20:10:15,171 [JavaFX-Launcher] DEBUG (SessionFactoryImpl.java) - Building session factory
2024-11-01 20:10:15,173 [JavaFX-Launcher] DEBUG (Settings.java) - SessionFactory name : null
2024-11-01 20:10:15,174 [JavaFX-Launcher] DEBUG (Settings.java) - Automatic flush during beforeCompletion(): enabled
2024-11-01 20:10:15,174 [JavaFX-Launcher] DEBUG (Settings.java) - Automatic session close at end of transaction: disabled
2024-11-01 20:10:15,174 [JavaFX-Launcher] DEBUG (Settings.java) - Statistics: disabled
2024-11-01 20:10:15,174 [JavaFX-Launcher] DEBUG (Settings.java) - Deleted entity synthetic identifier rollback: disabled
2024-11-01 20:10:15,174 [JavaFX-Launcher] DEBUG (Settings.java) - Default entity-mode: pojo
2024-11-01 20:10:15,174 [JavaFX-Launcher] DEBUG (Settings.java) - Check Nullability in Core (should be disabled when Bean Validation is on): enabled
2024-11-01 20:10:15,174 [JavaFX-Launcher] DEBUG (Settings.java) - Allow initialization of lazy state outside session : disabled
2024-11-01 20:10:15,174 [JavaFX-Launcher] DEBUG (Settings.java) - Using BatchFetchStyle : LEGACY
2024-11-01 20:10:15,175 [JavaFX-Launcher] DEBUG (Settings.java) - Default batch fetch size: -1
2024-11-01 20:10:15,175 [JavaFX-Launcher] DEBUG (Settings.java) - Maximum outer join fetch depth: null
2024-11-01 20:10:15,175 [JavaFX-Launcher] DEBUG (Settings.java) - Default null ordering: NONE
2024-11-01 20:10:15,175 [JavaFX-Launcher] DEBUG (Settings.java) - Order SQL updates by primary key: disabled
2024-11-01 20:10:15,175 [JavaFX-Launcher] DEBUG (Settings.java) - Order SQL inserts for batching: disabled
2024-11-01 20:10:15,175 [JavaFX-Launcher] DEBUG (Settings.java) - multi-tenancy strategy : NONE
2024-11-01 20:10:15,175 [JavaFX-Launcher] DEBUG (Settings.java) - JTA Track by Thread: enabled
2024-11-01 20:10:15,175 [JavaFX-Launcher] DEBUG (Settings.java) - Query language substitutions: {}
2024-11-01 20:10:15,175 [JavaFX-Launcher] DEBUG (Settings.java) - Named query checking : enabled
2024-11-01 20:10:15,175 [JavaFX-Launcher] DEBUG (Settings.java) - Second-level cache: disabled
2024-11-01 20:10:15,175 [JavaFX-Launcher] DEBUG (Settings.java) - Second-level query cache: disabled
2024-11-01 20:10:15,175 [JavaFX-Launcher] DEBUG (Settings.java) - Second-level query cache factory: null
2024-11-01 20:10:15,175 [JavaFX-Launcher] DEBUG (Settings.java) - Second-level cache region prefix: null
2024-11-01 20:10:15,175 [JavaFX-Launcher] DEBUG (Settings.java) - Optimize second-level cache for minimal puts: disabled
2024-11-01 20:10:15,175 [JavaFX-Launcher] DEBUG (Settings.java) - Structured second-level cache entries: disabled
2024-11-01 20:10:15,175 [JavaFX-Launcher] DEBUG (Settings.java) - Second-level cache direct-reference entries: disabled
2024-11-01 20:10:15,175 [JavaFX-Launcher] DEBUG (Settings.java) - Automatic eviction of collection cache: disabled
2024-11-01 20:10:15,175 [JavaFX-Launcher] DEBUG (Settings.java) - JDBC batch size: 15
2024-11-01 20:10:15,175 [JavaFX-Launcher] DEBUG (Settings.java) - JDBC batch updates for versioned data: enabled
2024-11-01 20:10:15,175 [JavaFX-Launcher] DEBUG (Settings.java) - Scrollable result sets: enabled
2024-11-01 20:10:15,175 [JavaFX-Launcher] DEBUG (Settings.java) - Wrap result sets: disabled
2024-11-01 20:10:15,176 [JavaFX-Launcher] DEBUG (Settings.java) - JDBC3 getGeneratedKeys(): enabled
2024-11-01 20:10:15,176 [JavaFX-Launcher] DEBUG (Settings.java) - JDBC result set fetch size: null
2024-11-01 20:10:15,176 [JavaFX-Launcher] DEBUG (Settings.java) - Connection release mode: AFTER_TRANSACTION
2024-11-01 20:10:15,176 [JavaFX-Launcher] DEBUG (Settings.java) - Generate SQL with comments: disabled
2024-11-01 20:10:15,176 [JavaFX-Launcher] DEBUG (Settings.java) - JPA compliance - query : disabled
2024-11-01 20:10:15,176 [JavaFX-Launcher] DEBUG (Settings.java) - JPA compliance - closed-handling : disabled
2024-11-01 20:10:15,176 [JavaFX-Launcher] DEBUG (Settings.java) - JPA compliance - lists : disabled
2024-11-01 20:10:15,176 [JavaFX-Launcher] DEBUG (Settings.java) - JPA compliance - transactions : disabled
2024-11-01 20:10:15,206 [JavaFX-Launcher] DEBUG (SessionFactoryImpl.java) - Session factory constructed with filter configurations : {}
2024-11-01 20:10:15,206 [JavaFX-Launcher] DEBUG (SessionFactoryImpl.java) - Instantiating session factory with properties: {hibernate.format_sql=true, java.specification.version=21, javafx.runtime.version=21.0.4+1, sun.cpu.isalist=amd64, sun.jnu.encoding=Cp1252, hibernate.dialect=org.hibernate.dialect.HSQLDialect, java.class.path=C:\Users\markusl.OOSEDE\.m2\repository\org\openjfx\javafx-controls\21.0.4\javafx-controls-21.0.4.jar;C:\Users\markusl.OOSEDE\.m2\repository\org\openjfx\javafx-graphics\21.0.4\javafx-graphics-21.0.4.jar;C:\Users\markusl.OOSEDE\.m2\repository\org\openjfx\javafx-base\21.0.4\javafx-base-21.0.4.jar;C:\Users\markusl.OOSEDE\.m2\repository\org\openjfx\javafx-fxml\21.0.3\javafx-fxml-21.0.3.jar;C:\Users\markusl.OOSEDE\.m2\repository\org\apache\logging\log4j\log4j-core\2.20.0\log4j-core-2.20.0.jar;C:\Users\markusl.OOSEDE\.m2\repository\org\openjfx\javafx-media\21.0.4\javafx-media-21.0.4.jar;C:\Users\markusl.OOSEDE\.m2\repository\org\jboss\logging\jboss-logging\3.4.1.Final\jboss-logging-3.4.1.Final.jar;C:\Users\markusl.OOSEDE\.m2\repository\org\javassist\javassist\3.27.0-GA\javassist-3.27.0-GA.jar;C:\Users\markusl.OOSEDE\.m2\repository\antlr\antlr\2.7.7\antlr-2.7.7.jar;C:\Users\markusl.OOSEDE\.m2\repository\org\jboss\spec\javax\transaction\jboss-transaction-api_1.2_spec\1.1.1.Final\jboss-transaction-api_1.2_spec-1.1.1.Final.jar;C:\Users\markusl.OOSEDE\.m2\repository\org\jboss\jandex\2.2.3.Final\jandex-2.2.3.Final.jar;C:\Users\markusl.OOSEDE\.m2\repository\com\fasterxml\classmate\1.5.1\classmate-1.5.1.jar;C:\Users\markusl.OOSEDE\.m2\repository\javax\activation\javax.activation-api\1.2.0\javax.activation-api-1.2.0.jar;C:\Users\markusl.OOSEDE\.m2\repository\org\dom4j\dom4j\2.1.3\dom4j-2.1.3.jar;C:\Users\markusl.OOSEDE\.m2\repository\org\hibernate\common\hibernate-commons-annotations\5.1.2.Final\hibernate-commons-annotations-5.1.2.Final.jar;C:\Users\markusl.OOSEDE\.m2\repository\org\glassfish\jaxb\jaxb-runtime\2.3.1\jaxb-runtime-2.3.1.jar;C:\Users\markusl.OOSEDE\.m2\repository\org\glassfish\jaxb\txw2\2.3.1\txw2-2.3.1.jar;C:\Users\markusl.OOSEDE\.m2\repository\com\sun\istack\istack-commons-runtime\3.0.7\istack-commons-runtime-3.0.7.jar;C:\Users\markusl.OOSEDE\.m2\repository\org\jvnet\staxex\stax-ex\1.8\stax-ex-1.8.jar;C:\Users\markusl.OOSEDE\.m2\repository\com\sun\xml\fastinfoset\FastInfoset\1.2.15\FastInfoset-1.2.15.jar;C:\Users\markusl.OOSEDE\.m2\repository\javax\xml\bind\jaxb-api\2.3.1\jaxb-api-2.3.1.jar;C:\Users\markusl.OOSEDE\.m2\repository\net\bytebuddy\byte-buddy\1.14.19\byte-buddy-1.14.19.jar, java.vm.vendor=Eclipse Adoptium, sun.arch.data.model=64, user.variant=, java.vendor.url=https://adoptium.net/, user.timezone=Europe/Berlin, javax.persistence.jdbc.user=****, javax.persistence.jdbc.url=jdbc:hsqldb:file:data/breakoutdb;shutdown=true, java.vm.specification.version=21, os.name=Windows 11, javafx.version=21.0.4, sun.java.launcher=SUN_STANDARD, user.country=DE, local.setting.IS_JTA_TXN_COORD=false, sun.boot.library.path=C:\Users\markusl.OOSEDE\.jdks\temurin-21.0.4\bin, sun.java.command=de.oose.breakout/de.oose.breakout.Breakout, hibernate.use_sql_comments=false, jdk.debug=release, sun.cpu.endian=little, user.home=C:\Users\markusl.OOSEDE, user.language=de, sun.stderr.encoding=UTF-8, java.specification.vendor=Oracle Corporation, jdk.module.path=C:\Users\markusl.OOSEDE\.m2\repository\com\dlsc\formsfx\formsfx-core\11.3.2\formsfx-core-11.3.2.jar;C:\Users\markusl.OOSEDE\.m2\repository\org\hsqldb\hsqldb\2.7.1\hsqldb-2.7.1.jar;C:\Users\markusl.OOSEDE\.m2\repository\org\kordamp\bootstrapfx\bootstrapfx-core\0.4.0\bootstrapfx-core-0.4.0.jar;C:\Users\markusl.OOSEDE\.m2\repository\org\openjfx\javafx-media\21.0.4\javafx-media-21.0.4-win.jar;C:\Users\markusl.OOSEDE\.m2\repository\org\openjfx\javafx-controls\21.0.4\javafx-controls-21.0.4-win.jar;C:\Users\markusl.OOSEDE\.m2\repository\org\openjfx\javafx-base\21.0.4\javafx-base-21.0.4-win.jar;C:\Dev\Workspace\craft-katas-java\BreakOut_JavaFX\target\classes;C:\Users\markusl.OOSEDE\.m2\repository\org\apache\logging\log4j\log4j-api\2.20.0\log4j-api-2.20.0.jar;C:\Users\markusl.OOSEDE\.m2\repository\org\openjfx\javafx-graphics\21.0.4\javafx-graphics-21.0.4-win.jar;C:\Users\markusl.OOSEDE\.m2\repository\javax\persistence\javax.persistence-api\2.2\javax.persistence-api-2.2.jar;C:\Users\markusl.OOSEDE\.m2\repository\org\hibernate\hibernate-core\5.4.33\hibernate-core-5.4.33.jar;C:\Users\markusl.OOSEDE\.m2\repository\org\openjfx\javafx-fxml\21.0.3\javafx-fxml-21.0.3-win.jar, java.version.date=2024-07-16, java.home=C:\Users\markusl.OOSEDE\.jdks\temurin-21.0.4, file.separator=\, java.vm.compressedOopsMode=Zero based, sun.stdout.encoding=UTF-8, line.separator=
, java.vm.specification.vendor=Oracle Corporation, java.specification.name=Java Platform API Specification, hibernate.transaction.coordinator_class=class org.hibernate.resource.transaction.backend.jdbc.internal.JdbcResourceLocalTransactionCoordinatorBuilderImpl, javax.persistence.jdbc.driver=org.hsqldb.jdbc.JDBCDriver, jdk.module.main.class=de.oose.breakout.Breakout, jdk.module.main=de.oose.breakout, hibernate.hbm2ddl.auto=update, user.script=, sun.management.compiler=HotSpot 64-Bit Tiered Compilers, java.runtime.version=21.0.4+7-LTS, user.name=MarkusL, stdout.encoding=UTF-8, path.separator=;, hibernate.connection.username=****, os.version=10.0, java.runtime.name=OpenJDK Runtime Environment, hibernate.connection.url=jdbc:hsqldb:file:data/breakoutdb;shutdown=true, file.encoding=UTF-8, hibernate.ejb.persistenceUnitName=breakout-jpa, java.vm.name=OpenJDK 64-Bit Server VM, hibernate.show_sql=true, java.vendor.version=Temurin-21.0.4+7, hibernate.connection.driver_class=org.hsqldb.jdbc.JDBCDriver, java.vendor.url.bug=https://github.com/adoptium/adoptium-support/issues, java.io.tmpdir=C:\Users\MARKUS~1.OOS\AppData\Local\Temp\, java.version=21.0.4, user.dir=C:\Dev\Workspace\craft-katas-java, os.arch=amd64, java.vm.specification.name=Java Virtual Machine Specification, sun.os.patch.level=, hibernate.boot.CfgXmlAccessService.key=org.hibernate.boot.registry.StandardServiceRegistryBuilder$1@3aa5b89a, native.encoding=Cp1252, java.library.path=C:\Users\markusl.OOSEDE\.jdks\temurin-21.0.4\bin;C:\WINDOWS\Sun\Java\bin;C:\WINDOWS\system32;C:\WINDOWS;C:\Python312\Scripts\;C:\Python312\;C:\Program Files\Eclipse Adoptium\jdk-17.0.8.101-hotspot\bin;C:\Program Files\Eclipse Adoptium\jdk-8.0.352.8-hotspot\bin;C:\Program Files\Eclipse Adoptium\jdk-11.0.17.8-hotspot\bin;C:\WINDOWS\system32;C:\WINDOWS;C:\WINDOWS\System32\Wbem;C:\WINDOWS\System32\WindowsPowerShell\v1.0\;C:\WINDOWS\System32\OpenSSH\;C:\Program Files\TortoiseSVN\bin;C:\Program Files\Azure Data Studio\bin;C:\Gradle\gradle-7.6\bin;C:\Program Files (x86)\Microsoft SQL Server\150\DTS\Binn\;C:\Program Files\PuTTY\;C:\HashiCorp\Vagrant\bin;C:\Program Files\Docker\Docker\resources\bin;C:\Users\markusl.OOSEDE\AppData\Roaming\nvm;C:\Program Files\nodejs;C:\ProgramData\chocolatey\bin;C:\Program Files\Microsoft SQL Server\150\Tools\Binn\;C:\Program Files\Microsoft SQL Server\Client SDK\ODBC\170\Tools\Binn\;C:\Program Files\Git\cmd;C:\Users\markusl.OOSEDE\AppData\Local\Microsoft\WindowsApps;C:\Users\markusl.OOSEDE\AppData\Local\GitHubDesktop\bin;C:\Users\markusl.OOSEDE\AppData\Local\Programs\MiKTeX\miktex\bin\x64\;C:\Users\markusl.OOSEDE\AppData\Roaming\npm;C:\Users\markusl.OOSEDE\AppData\Roaming\nvm;C:\Program Files\nodejs;C:\Users\markusl.OOSEDE\AppData\Local\Android\Sdk\platform-tools;;., stderr.encoding=UTF-8, java.vendor=Eclipse Adoptium, java.vm.info=mixed mode, sharing, java.vm.version=21.0.4+7-LTS, hibernate.bytecode.use_reflection_optimizer=false, sun.io.unicode.encoding=UnicodeLittle, java.class.version=65.0}
2024-11-01 20:10:15,212 [JavaFX-Launcher] DEBUG (JaccIntegrator.java) - Skipping JACC integration as it was not enabled
2024-11-01 20:10:15,213 [JavaFX-Launcher] DEBUG (SessionFactoryImpl.java) - Instantiated session factory
2024-11-01 20:10:15,213 [JavaFX-Launcher] DEBUG (TypeConfiguration.java) - Scoping TypeConfiguration [org.hibernate.type.spi.TypeConfiguration@3fdd3630] to SessionFactoryImpl [org.hibernate.internal.SessionFactoryImpl@6e6e1c67]
2024-11-01 20:10:15,249 [JavaFX-Launcher] DEBUG (ClassLoaderAccessImpl.java) - Not known whether passed class name [de.oose.breakout.highscore.HighScore] is safe
2024-11-01 20:10:15,249 [JavaFX-Launcher] DEBUG (ClassLoaderAccessImpl.java) - No temp ClassLoader provided; using live ClassLoader for loading potentially unsafe class : de.oose.breakout.highscore.HighScore
2024-11-01 20:10:15,462 [JavaFX-Launcher] DEBUG (AbstractEntityPersister.java) - Static SQL for entity: de.oose.breakout.highscore.HighScore
2024-11-01 20:10:15,463 [JavaFX-Launcher] DEBUG (AbstractEntityPersister.java) -  Version select: select id from HighScore where id =?
2024-11-01 20:10:15,463 [JavaFX-Launcher] DEBUG (AbstractEntityPersister.java) -  Snapshot select: select highscore_.id, highscore_.date as date2_0_, highscore_.name as name3_0_, highscore_.score as score4_0_ from HighScore highscore_ where highscore_.id=?
2024-11-01 20:10:15,463 [JavaFX-Launcher] DEBUG (DelegatingBasicLogger.java) -  Insert 0: insert into HighScore (date, name, score, id) values (?, ?, ?, ?)
2024-11-01 20:10:15,464 [JavaFX-Launcher] DEBUG (DelegatingBasicLogger.java) -  Update 0: update HighScore set date=?, name=?, score=? where id=?
2024-11-01 20:10:15,464 [JavaFX-Launcher] DEBUG (DelegatingBasicLogger.java) -  Delete 0: delete from HighScore where id=?
2024-11-01 20:10:15,464 [JavaFX-Launcher] DEBUG (AbstractEntityPersister.java) -  Identity insert: insert into HighScore (id, date, name, score) values (null, ?, ?, ?)
2024-11-01 20:10:15,474 [JavaFX-Launcher] DEBUG (QuerySpacesImpl.java) - Adding QuerySpace : uid = <gen:0> -> org.hibernate.loader.plan.build.internal.spaces.EntityQuerySpaceImpl@72f4e746]
2024-11-01 20:10:15,475 [JavaFX-Launcher] DEBUG (MetamodelGraphWalker.java) - Visiting attribute path : date
2024-11-01 20:10:15,475 [JavaFX-Launcher] DEBUG (MetamodelGraphWalker.java) - Visiting attribute path : name
2024-11-01 20:10:15,476 [JavaFX-Launcher] DEBUG (MetamodelGraphWalker.java) - Visiting attribute path : score
2024-11-01 20:10:15,476 [JavaFX-Launcher] DEBUG (FetchStyleLoadPlanBuildingAssociationVisitationStrategy.java) - Building LoadPlan...
2024-11-01 20:10:15,481 [JavaFX-Launcher] DEBUG (LoadQueryJoinAndFetchProcessor.java) - processing queryspace <gen:0>
2024-11-01 20:10:15,483 [JavaFX-Launcher] DEBUG (LoadPlanTreePrinter.java) - LoadPlan(entity=de.oose.breakout.highscore.HighScore)
    - Returns
       - EntityReturnImpl(entity=de.oose.breakout.highscore.HighScore, querySpaceUid=<gen:0>, path=de.oose.breakout.highscore.HighScore)
    - QuerySpaces
       - EntityQuerySpaceImpl(uid=<gen:0>, entity=de.oose.breakout.highscore.HighScore)
          - SQL table alias mapping - highscore0_
          - alias suffix - 0_
          - suffixed key columns - {id1_0_0_}

2024-11-01 20:10:15,486 [JavaFX-Launcher] DEBUG (EntityLoader.java) - Static select for entity de.oose.breakout.highscore.HighScore [NONE]: select highscore0_.id as id1_0_0_, highscore0_.date as date2_0_0_, highscore0_.name as name3_0_0_, highscore0_.score as score4_0_0_ from HighScore highscore0_ where highscore0_.id=?
2024-11-01 20:10:15,505 [JavaFX-Launcher] INFO  (DdlTransactionIsolatorNonJtaImpl.java) - HHH10001501: Connection obtained from JdbcConnectionAccess [org.hibernate.engine.jdbc.env.internal.JdbcEnvironmentInitiator$ConnectionProviderJdbcConnectionAccess@7e7cc954] for (non-JTA) DDL execution was not in auto-commit mode; the Connection 'local transaction' will be committed and the Connection will be set into auto-commit mode.
2024-11-01 20:10:15,531 [JavaFX-Launcher] DEBUG (Table.java) - No alter strings for table : HighScore
2024-11-01 20:10:15,533 [JavaFX-Launcher] DEBUG (JtaPlatformInitiator.java) - No JtaPlatform was specified, checking resolver
2024-11-01 20:10:15,534 [JavaFX-Launcher] DEBUG (JtaPlatformResolverInitiator.java) - No JtaPlatformResolver was specified, using default [org.hibernate.engine.transaction.jta.platform.internal.StandardJtaPlatformResolver]
2024-11-01 20:10:15,538 [JavaFX-Launcher] DEBUG (StandardJtaPlatformResolver.java) - Could not resolve JtaPlatform, using default [org.hibernate.engine.transaction.jta.platform.internal.NoJtaPlatform]
2024-11-01 20:10:15,540 [JavaFX-Launcher] INFO  (JtaPlatformInitiator.java) - HHH000490: Using JtaPlatform implementation: [org.hibernate.engine.transaction.jta.platform.internal.NoJtaPlatform]
2024-11-01 20:10:15,541 [JavaFX-Launcher] DEBUG (NamedQueryRepository.java) - Checking 1 named HQL queries
2024-11-01 20:10:15,542 [JavaFX-Launcher] DEBUG (NamedQueryRepository.java) - Checking named query: HighScore.getByName
2024-11-01 20:10:15,547 [JavaFX-Launcher] DEBUG (StatisticsInitiator.java) - Statistics initialized [enabled=false]
2024-11-01 20:10:15,560 [JavaFX-Launcher] DEBUG (QueryTranslatorFactoryInitiator.java) - QueryTranslatorFactory: org.hibernate.hql.internal.ast.ASTQueryTranslatorFactory@52ca33eb
2024-11-01 20:10:15,584 [JavaFX-Launcher] DEBUG (QueryTranslatorImpl.java) - parse() - HQL: SELECT h FROM de.oose.breakout.highscore.HighScore h WHERE h.name = :name
2024-11-01 20:10:15,586 [JavaFX-Launcher] DEBUG (ErrorTracker.java) - throwQueryException() : no errors
2024-11-01 20:10:15,593 [JavaFX-Launcher] DEBUG (QueryTranslatorImpl.java) - --- HQL AST ---
 \-[QUERY] Node: 'query'
    +-[SELECT_FROM] Node: 'SELECT_FROM'
    |  +-[FROM] Node: 'FROM'
    |  |  \-[RANGE] Node: 'RANGE'
    |  |     +-[DOT] Node: '.'
    |  |     |  +-[DOT] Node: '.'
    |  |     |  |  +-[DOT] Node: '.'
    |  |     |  |  |  +-[DOT] Node: '.'
    |  |     |  |  |  |  +-[IDENT] Node: 'de'
    |  |     |  |  |  |  \-[IDENT] Node: 'oose'
    |  |     |  |  |  \-[IDENT] Node: 'breakout'
    |  |     |  |  \-[IDENT] Node: 'highscore'
    |  |     |  \-[IDENT] Node: 'HighScore'
    |  |     \-[ALIAS] Node: 'h'
    |  \-[SELECT] Node: 'SELECT'
    |     \-[IDENT] Node: 'h'
    \-[WHERE] Node: 'WHERE'
       \-[EQ] Node: '='
          +-[DOT] Node: '.'
          |  +-[IDENT] Node: 'h'
          |  \-[IDENT] Node: 'name'
          \-[COLON] Node: ':'
             \-[IDENT] Node: 'name'

2024-11-01 20:10:15,602 [JavaFX-Launcher] DEBUG (HqlSqlBaseWalker.java) - select << begin [level=1, statement=select]
2024-11-01 20:10:15,606 [JavaFX-Launcher] DEBUG (FromElement.java) - FromClause{level=1} : de.oose.breakout.highscore.HighScore (h) -> highscore0_
2024-11-01 20:10:15,607 [JavaFX-Launcher] DEBUG (FromReferenceNode.java) - Resolved : h -> highscore0_.id
2024-11-01 20:10:15,608 [JavaFX-Launcher] DEBUG (FromReferenceNode.java) - Resolved : h -> highscore0_.id
2024-11-01 20:10:15,609 [JavaFX-Launcher] DEBUG (DotNode.java) - getDataType() : name -> org.hibernate.type.StringType@4b776fb1
2024-11-01 20:10:15,609 [JavaFX-Launcher] DEBUG (FromReferenceNode.java) - Resolved : h.name -> highscore0_.name
2024-11-01 20:10:15,611 [JavaFX-Launcher] DEBUG (HqlSqlBaseWalker.java) - select : finishing up [level=1, statement=select]
2024-11-01 20:10:15,611 [JavaFX-Launcher] DEBUG (HqlSqlWalker.java) - processQuery() :  ( SELECT ( {select clause} highscore0_.id ) ( FromClause{level=1} HighScore highscore0_ ) ( WHERE ( = ( highscore0_.name highscore0_.id name ) ? ) ) )
2024-11-01 20:10:15,614 [JavaFX-Launcher] DEBUG (JoinProcessor.java) - Tables referenced from query nodes:
 \-QueryNode
    +-SelectClause
    | referencedTables(entity HighScore): [HighScore]
    |  +-IdentNode
    |  | persister: SingleTableEntityPersister(de.oose.breakout.highscore.HighScore)
    |  | originalText: h
    |  \-SqlFragment
    +-FromClause
    |  \-FromElement
    \-SqlNode
       \-BinaryLogicOperatorNode
          +-DotNode
          | persister: SingleTableEntityPersister(de.oose.breakout.highscore.HighScore)
          | path: h.name
          |  +-IdentNode
          |  | persister: SingleTableEntityPersister(de.oose.breakout.highscore.HighScore)
          |  | originalText: h
          |  \-IdentNode
          |    persister: null
          |    originalText: name
          \-ParameterNode

2024-11-01 20:10:15,616 [JavaFX-Launcher] DEBUG (JoinProcessor.java) - Using FROM fragment [HighScore highscore0_]
2024-11-01 20:10:15,616 [JavaFX-Launcher] DEBUG (HqlSqlBaseWalker.java) - select >> end [level=1, statement=select]
2024-11-01 20:10:15,616 [JavaFX-Launcher] DEBUG (QueryTranslatorImpl.java) - --- SQL AST ---
 \-[SELECT] QueryNode: 'SELECT'  querySpaces (HighScore)
    +-[SELECT_CLAUSE] SelectClause: '{select clause}'
    |  +-[ALIAS_REF] IdentNode: 'highscore0_.id as id1_0_' {alias=h, className=de.oose.breakout.highscore.HighScore, tableAlias=highscore0_}
    |  \-[SQL_TOKEN] SqlFragment: 'highscore0_.date as date2_0_, highscore0_.name as name3_0_, highscore0_.score as score4_0_'
    +-[FROM] FromClause: 'FROM' FromClause{level=1, fromElementCounter=1, fromElements=1, fromElementByClassAlias=[h], fromElementByTableAlias=[highscore0_], fromElementsByPath=[], collectionJoinFromElementsByPath=[], impliedElements=[]}
    |  \-[FROM_FRAGMENT] FromElement: 'HighScore highscore0_' FromElement{explicit,not a collection join,not a fetch join,fetch non-lazy properties,classAlias=h,role=null,tableName=HighScore,tableAlias=highscore0_,origin=null,columns={,className=de.oose.breakout.highscore.HighScore}}
    \-[WHERE] SqlNode: 'WHERE'
       \-[EQ] BinaryLogicOperatorNode: '='
          +-[DOT] DotNode: 'highscore0_.name' {propertyName=name,dereferenceType=PRIMITIVE,getPropertyPath=name,path=h.name,tableAlias=highscore0_,className=de.oose.breakout.highscore.HighScore,classAlias=h}
          |  +-[ALIAS_REF] IdentNode: 'highscore0_.id' {alias=h, className=de.oose.breakout.highscore.HighScore, tableAlias=highscore0_}
          |  \-[IDENT] IdentNode: 'name' {originalText=name}
          \-[NAMED_PARAM] ParameterNode: '?' {name=name, expectedType=org.hibernate.type.StringType@4b776fb1}

2024-11-01 20:10:15,616 [JavaFX-Launcher] DEBUG (ErrorTracker.java) - throwQueryException() : no errors
2024-11-01 20:10:15,619 [JavaFX-Launcher] DEBUG (QueryTranslatorImpl.java) - HQL: SELECT h FROM de.oose.breakout.highscore.HighScore h WHERE h.name = :name
2024-11-01 20:10:15,619 [JavaFX-Launcher] DEBUG (QueryTranslatorImpl.java) - SQL: select highscore0_.id as id1_0_, highscore0_.date as date2_0_, highscore0_.name as name3_0_, highscore0_.score as score4_0_ from HighScore highscore0_ where highscore0_.name=?
2024-11-01 20:10:15,619 [JavaFX-Launcher] DEBUG (ErrorTracker.java) - throwQueryException() : no errors
2024-11-01 20:10:15,624 [JavaFX-Launcher] DEBUG (NamedQueryRepository.java) - Checking 0 named SQL queries
2024-11-01 20:10:15,627 [JavaFX-Launcher] DEBUG (SessionFactoryRegistry.java) - Initializing SessionFactoryRegistry : org.hibernate.internal.SessionFactoryRegistry@62d9c433
2024-11-01 20:10:15,628 [JavaFX-Launcher] DEBUG (SessionFactoryRegistry.java) - Registering SessionFactory: 40903a2e-0161-4473-bc11-44edf83292a6 (<unnamed>)
2024-11-01 20:10:15,628 [JavaFX-Launcher] DEBUG (SessionFactoryRegistry.java) - Not binding SessionFactory to JNDI, no JNDI name configured
2024-11-01 20:10:15,651 [JavaFX-Launcher] DEBUG (TransactionImpl.java) - On TransactionImpl creation, JpaCompliance#isJpaTransactionComplianceEnabled == false
2024-11-01 20:10:15,651 [JavaFX-Launcher] DEBUG (TransactionImpl.java) - begin
2024-11-01 20:10:15,658 [JavaFX-Launcher] DEBUG (QueryTranslatorImpl.java) - parse() - HQL: SELECT h FROM de.oose.breakout.highscore.HighScore h
2024-11-01 20:10:15,658 [JavaFX-Launcher] DEBUG (ErrorTracker.java) - throwQueryException() : no errors
2024-11-01 20:10:15,659 [JavaFX-Launcher] DEBUG (QueryTranslatorImpl.java) - --- HQL AST ---
 \-[QUERY] Node: 'query'
    \-[SELECT_FROM] Node: 'SELECT_FROM'
       +-[FROM] Node: 'FROM'
       |  \-[RANGE] Node: 'RANGE'
       |     +-[DOT] Node: '.'
       |     |  +-[DOT] Node: '.'
       |     |  |  +-[DOT] Node: '.'
       |     |  |  |  +-[DOT] Node: '.'
       |     |  |  |  |  +-[IDENT] Node: 'de'
       |     |  |  |  |  \-[IDENT] Node: 'oose'
       |     |  |  |  \-[IDENT] Node: 'breakout'
       |     |  |  \-[IDENT] Node: 'highscore'
       |     |  \-[IDENT] Node: 'HighScore'
       |     \-[ALIAS] Node: 'h'
       \-[SELECT] Node: 'SELECT'
          \-[IDENT] Node: 'h'

2024-11-01 20:10:15,659 [JavaFX-Launcher] DEBUG (HqlSqlBaseWalker.java) - select << begin [level=1, statement=select]
2024-11-01 20:10:15,659 [JavaFX-Launcher] DEBUG (FromElement.java) - FromClause{level=1} : de.oose.breakout.highscore.HighScore (h) -> highscore0_
2024-11-01 20:10:15,659 [JavaFX-Launcher] DEBUG (FromReferenceNode.java) - Resolved : h -> highscore0_.id
2024-11-01 20:10:15,659 [JavaFX-Launcher] DEBUG (HqlSqlBaseWalker.java) - select : finishing up [level=1, statement=select]
2024-11-01 20:10:15,659 [JavaFX-Launcher] DEBUG (HqlSqlWalker.java) - processQuery() :  ( SELECT ( {select clause} highscore0_.id ) ( FromClause{level=1} HighScore highscore0_ ) )
2024-11-01 20:10:15,659 [JavaFX-Launcher] DEBUG (JoinProcessor.java) - Tables referenced from query nodes:
 \-QueryNode
    +-SelectClause
    | referencedTables(entity HighScore): [HighScore]
    |  +-IdentNode
    |  | persister: SingleTableEntityPersister(de.oose.breakout.highscore.HighScore)
    |  | originalText: h
    |  \-SqlFragment
    \-FromClause
       \-FromElement

2024-11-01 20:10:15,659 [JavaFX-Launcher] DEBUG (JoinProcessor.java) - Using FROM fragment [HighScore highscore0_]
2024-11-01 20:10:15,659 [JavaFX-Launcher] DEBUG (HqlSqlBaseWalker.java) - select >> end [level=1, statement=select]
2024-11-01 20:10:15,659 [JavaFX-Launcher] DEBUG (QueryTranslatorImpl.java) - --- SQL AST ---
 \-[SELECT] QueryNode: 'SELECT'  querySpaces (HighScore)
    +-[SELECT_CLAUSE] SelectClause: '{select clause}'
    |  +-[ALIAS_REF] IdentNode: 'highscore0_.id as id1_0_' {alias=h, className=de.oose.breakout.highscore.HighScore, tableAlias=highscore0_}
    |  \-[SQL_TOKEN] SqlFragment: 'highscore0_.date as date2_0_, highscore0_.name as name3_0_, highscore0_.score as score4_0_'
    \-[FROM] FromClause: 'FROM' FromClause{level=1, fromElementCounter=1, fromElements=1, fromElementByClassAlias=[h], fromElementByTableAlias=[highscore0_], fromElementsByPath=[], collectionJoinFromElementsByPath=[], impliedElements=[]}
       \-[FROM_FRAGMENT] FromElement: 'HighScore highscore0_' FromElement{explicit,not a collection join,not a fetch join,fetch non-lazy properties,classAlias=h,role=null,tableName=HighScore,tableAlias=highscore0_,origin=null,columns={,className=de.oose.breakout.highscore.HighScore}}

2024-11-01 20:10:15,659 [JavaFX-Launcher] DEBUG (ErrorTracker.java) - throwQueryException() : no errors
2024-11-01 20:10:15,659 [JavaFX-Launcher] DEBUG (QueryTranslatorImpl.java) - HQL: SELECT h FROM de.oose.breakout.highscore.HighScore h
2024-11-01 20:10:15,659 [JavaFX-Launcher] DEBUG (QueryTranslatorImpl.java) - SQL: select highscore0_.id as id1_0_, highscore0_.date as date2_0_, highscore0_.name as name3_0_, highscore0_.score as score4_0_ from HighScore highscore0_
2024-11-01 20:10:15,659 [JavaFX-Launcher] DEBUG (ErrorTracker.java) - throwQueryException() : no errors
2024-11-01 20:10:15,664 [JavaFX-Launcher] DEBUG (SqlStatementLogger.java) - 
    select
        highscore0_.id as id1_0_,
        highscore0_.date as date2_0_,
        highscore0_.name as name3_0_,
        highscore0_.score as score4_0_ 
    from
        HighScore highscore0_
2024-11-01 20:10:15,667 [JavaFX-Launcher] DEBUG (TransactionImpl.java) - committing
2024-11-01 20:10:15,667 [JavaFX-Launcher] DEBUG (LogicalConnectionManagedImpl.java) - Initiating JDBC connection release from afterTransaction
2024-11-01 20:10:15,667 [JavaFX-Launcher] DEBUG (LogicalConnectionManagedImpl.java) - Initiating JDBC connection release from afterTransaction
2024-11-01 20:10:15,667 [JavaFX-Launcher] DEBUG (SessionFactoryImpl.java) - HHH000031: Closing
2024-11-01 20:10:15,669 [JavaFX-Launcher] DEBUG (TypeConfiguration.java) - Un-scoping TypeConfiguration [org.hibernate.type.spi.TypeConfiguration$Scope@42d848a1] from SessionFactory [org.hibernate.internal.SessionFactoryImpl@6e6e1c67]
2024-11-01 20:10:15,669 [JavaFX-Launcher] DEBUG (AbstractServiceRegistryImpl.java) - Implicitly destroying ServiceRegistry on de-registration of all child ServiceRegistries
2024-11-01 20:10:15,669 [JavaFX-Launcher] INFO  (DriverManagerConnectionProviderImpl.java) - HHH10001008: Cleaning up connection pool [jdbc:hsqldb:file:data/breakoutdb;shutdown=true]
2024-11-01 20:10:15,785 [JavaFX-Launcher] DEBUG (BootstrapServiceRegistryImpl.java) - Implicitly destroying Boot-strap registry on de-registration of all child ServiceRegistries
2024-11-01 20:10:15,790 [JavaFX-Launcher] INFO  (Tile.java) - create token: Token [character=N, points=40]
2024-11-01 20:10:15,793 [JavaFX-Launcher] INFO  (Tile.java) - create token: Token [character=M, points=90]
2024-11-01 20:10:15,798 [JavaFX-Launcher] INFO  (Tile.java) - create token: Token [character=S, points=80]
2024-11-01 20:10:15,801 [JavaFX-Launcher] INFO  (Tile.java) - create token: Token [character=F, points=60]
2024-11-01 20:10:15,802 [JavaFX-Launcher] INFO  (Tile.java) - create token: Token [character=H, points=50]
2024-11-01 20:10:15,804 [JavaFX-Launcher] INFO  (Tile.java) - create token: Token [character=W, points=20]
2024-11-01 20:10:15,806 [JavaFX-Launcher] INFO  (Tile.java) - create token: Token [character=L, points=100]
2024-11-01 20:10:15,807 [JavaFX-Launcher] INFO  (Tile.java) - create token: Token [character=T, points=70]
2024-11-01 20:10:15,821 [JavaFX Application Thread] INFO  (Breakout.java) - start
2024-11-01 20:10:20,311 [JavaFX Application Thread] INFO  (Breakout.java) - hit Tile
2024-11-01 20:10:21,121 [JavaFX Application Thread] INFO  (Breakout.java) - stop
